<?xml version="1.0" encoding="UTF-8"?>
<testsuite xmlns:xsi="http://www.w3.org/2001/XMLSchema-instance" xsi:noNamespaceSchemaLocation="https://maven.apache.org/surefire/maven-surefire-plugin/xsd/surefire-test-report.xsd" name="gmail.alexspush.test.TodoListTest" time="39.127" tests="7" errors="3" skipped="0" failures="1">
  <properties>
[...]
</properties>
  <testcase name="shouldBeAbleToMarkTodoItemAsCompleted" classname="gmail.alexspush.test.TodoListTest" time="4.459"/>
  <testcase name="shouldBeAbleToAddNewTodoItem" classname="gmail.alexspush.test.TodoListTest" time="3.028"/>
  <testcase name="shouldBeAbleToDeleteTodoItem" classname="gmail.alexspush.test.TodoListTest" time="4.888">
    <failure type="java.lang.AssertionError">java.lang.AssertionError
	at gmail.alexspush.test.TodoListTest.shouldBeAbleToDeleteTodoItem(TodoListTest.java:143)
</failure>
    <system-err><![CDATA[Starting ChromeDriver 2.35.528139 (47ead77cb35ad2a9a83248b292151462a66cd881) on port 30212
Only local connections are allowed.
Feb 09, 2018 10:25:06 PM org.openqa.selenium.remote.ProtocolHandshake createSession
INFO: Detected dialect: OSS
Feb 09, 2018 10:25:07 PM com.codeborne.selenide.webdriver.WebDriverFactory logBrowserVersion
INFO: BrowserName=chrome Version=64.0.3282.119 Platform=LINUX
Feb 09, 2018 10:25:07 PM com.codeborne.selenide.webdriver.WebDriverFactory createWebDriver
INFO: Selenide v. 4.8
Feb 09, 2018 10:25:07 PM com.codeborne.selenide.webdriver.WebDriverFactory logSeleniumInfo
INFO: Selenium WebDriver v. 3.6.0 build time: 2017-09-27T15:28:36.4Z
Feb 09, 2018 10:25:07 PM com.codeborne.selenide.impl.WebDriverThreadLocalContainer createDriver
INFO: Create webdriver in current thread 1: ChromeDriver -> ChromeDriver: chrome on LINUX (a91a6a904c543ba99a5d8699ed4978a5)
Feb 09, 2018 10:25:11 PM com.codeborne.selenide.impl.WebDriverThreadLocalContainer closeWebDriver
INFO: Close webdriver: 1 -> ChromeDriver: chrome on LINUX (a91a6a904c543ba99a5d8699ed4978a5)
Feb 09, 2018 10:25:11 PM com.codeborne.selenide.impl.WebDriverThreadLocalContainer$CloseBrowser run
INFO: Trying to close the browser ChromeDriver ...
]]></system-err>
  </testcase>
  <testcase name="shouldShowOnlyActiveItemsIfActiveFilterApplied" classname="gmail.alexspush.test.TodoListTest" time="2.761">
    <error type="java.lang.NullPointerException">java.lang.NullPointerException
	at gmail.alexspush.test.TodoListTest.shouldShowOnlyActiveItemsIfActiveFilterApplied(TodoListTest.java:169)
</error>
    <system-err><![CDATA[Starting ChromeDriver 2.35.528139 (47ead77cb35ad2a9a83248b292151462a66cd881) on port 14807
Only local connections are allowed.
Feb 09, 2018 10:25:11 PM org.openqa.selenium.remote.ProtocolHandshake createSession
INFO: Detected dialect: OSS
Feb 09, 2018 10:25:11 PM com.codeborne.selenide.webdriver.WebDriverFactory logBrowserVersion
INFO: BrowserName=chrome Version=64.0.3282.119 Platform=LINUX
Feb 09, 2018 10:25:11 PM com.codeborne.selenide.webdriver.WebDriverFactory createWebDriver
INFO: Selenide v. 4.8
Feb 09, 2018 10:25:11 PM com.codeborne.selenide.webdriver.WebDriverFactory logSeleniumInfo
INFO: Selenium WebDriver v. 3.6.0 build time: 2017-09-27T15:28:36.4Z
Feb 09, 2018 10:25:11 PM com.codeborne.selenide.impl.WebDriverThreadLocalContainer createDriver
INFO: Create webdriver in current thread 1: ChromeDriver -> ChromeDriver: chrome on LINUX (b6c34b19dd12a8134532a8ed68d6bc4c)
Feb 09, 2018 10:25:14 PM com.codeborne.selenide.impl.WebDriverThreadLocalContainer closeWebDriver
INFO: Close webdriver: 1 -> ChromeDriver: chrome on LINUX (b6c34b19dd12a8134532a8ed68d6bc4c)
Feb 09, 2018 10:25:14 PM com.codeborne.selenide.impl.WebDriverThreadLocalContainer$CloseBrowser run
INFO: Trying to close the browser ChromeDriver ...
]]></system-err>
  </testcase>
  <testcase name="shouldShowOnlyCompletedItemsIfCompletedFilterApplied" classname="gmail.alexspush.test.TodoListTest" time="6.787">
    <error type="java.lang.NullPointerException">java.lang.NullPointerException
	at gmail.alexspush.test.TodoListTest.shouldShowOnlyCompletedItemsIfCompletedFilterApplied(TodoListTest.java:189)
</error>
    <system-err><![CDATA[Starting ChromeDriver 2.35.528139 (47ead77cb35ad2a9a83248b292151462a66cd881) on port 3677
Only local connections are allowed.
Feb 09, 2018 10:25:14 PM org.openqa.selenium.remote.ProtocolHandshake createSession
INFO: Detected dialect: OSS
Feb 09, 2018 10:25:14 PM com.codeborne.selenide.webdriver.WebDriverFactory logBrowserVersion
INFO: BrowserName=chrome Version=64.0.3282.119 Platform=LINUX
Feb 09, 2018 10:25:14 PM com.codeborne.selenide.webdriver.WebDriverFactory createWebDriver
INFO: Selenide v. 4.8
Feb 09, 2018 10:25:14 PM com.codeborne.selenide.webdriver.WebDriverFactory logSeleniumInfo
INFO: Selenium WebDriver v. 3.6.0 build time: 2017-09-27T15:28:36.4Z
Feb 09, 2018 10:25:14 PM com.codeborne.selenide.impl.WebDriverThreadLocalContainer createDriver
INFO: Create webdriver in current thread 1: ChromeDriver -> ChromeDriver: chrome on LINUX (42db369f1e1ed392ba631917fa6757e1)
Feb 09, 2018 10:25:20 PM com.codeborne.selenide.impl.WebDriverThreadLocalContainer closeWebDriver
INFO: Close webdriver: 1 -> ChromeDriver: chrome on LINUX (42db369f1e1ed392ba631917fa6757e1)
Feb 09, 2018 10:25:20 PM com.codeborne.selenide.impl.WebDriverThreadLocalContainer$CloseBrowser run
INFO: Trying to close the browser ChromeDriver ...
]]></system-err>
  </testcase>
  <testcase name="shouldShowAllItemsIfNoFilterApplied" classname="gmail.alexspush.test.TodoListTest" time="3.956">
    <error type="java.lang.NullPointerException">java.lang.NullPointerException
	at gmail.alexspush.test.TodoListTest.shouldShowAllItemsIfNoFilterApplied(TodoListTest.java:208)
</error>
    <system-err><![CDATA[Starting ChromeDriver 2.35.528139 (47ead77cb35ad2a9a83248b292151462a66cd881) on port 4663
Only local connections are allowed.
Feb 09, 2018 10:25:21 PM org.openqa.selenium.remote.ProtocolHandshake createSession
INFO: Detected dialect: OSS
Feb 09, 2018 10:25:21 PM com.codeborne.selenide.webdriver.WebDriverFactory logBrowserVersion
INFO: BrowserName=chrome Version=64.0.3282.119 Platform=LINUX
Feb 09, 2018 10:25:21 PM com.codeborne.selenide.webdriver.WebDriverFactory createWebDriver
INFO: Selenide v. 4.8
Feb 09, 2018 10:25:21 PM com.codeborne.selenide.webdriver.WebDriverFactory logSeleniumInfo
INFO: Selenium WebDriver v. 3.6.0 build time: 2017-09-27T15:28:36.4Z
Feb 09, 2018 10:25:21 PM com.codeborne.selenide.impl.WebDriverThreadLocalContainer createDriver
INFO: Create webdriver in current thread 1: ChromeDriver -> ChromeDriver: chrome on LINUX (fb78be13e8ece922fd21609cccdd8885)
Feb 09, 2018 10:25:24 PM com.codeborne.selenide.impl.WebDriverThreadLocalContainer closeWebDriver
INFO: Close webdriver: 1 -> ChromeDriver: chrome on LINUX (fb78be13e8ece922fd21609cccdd8885)
Feb 09, 2018 10:25:24 PM com.codeborne.selenide.impl.WebDriverThreadLocalContainer$CloseBrowser run
INFO: Trying to close the browser ChromeDriver ...
]]></system-err>
  </testcase>
  <testcase name="shouldBeAbleToUnMarkTodoItemAsCompleted" classname="gmail.alexspush.test.TodoListTest" time="13.208"/>
</testsuite>